DEBUG:root:FileName::InitRootInode
DEBUG:root:InodeNumber::InodeNumberToInode: 0
DEBUG:root:Get: 3
DEBUG:root:InodeNumber::InodeNumberToInode: inode_number 0 raw_block_number: 3 slice start: 0 end: 32
DEBUG:root:inode_slice: 0000001000020001000000070000000000000000000000000000000000000000
DEBUG:root:FileName::InitRootInode: calling AllocateDataBlock
DEBUG:root:FileName::AllocateDataBlock: 
DEBUG:root:Get: 2
DEBUG:root:Get: 2
DEBUG:root:Put: block number 2 len 256
00000000000000010100000000000000000000000000000000000000000000000000000000000000000000000000000000000000000000000000000000000000000000000000000000000000000000000000000000000000000000000000000000000000000000000000000000000000000000000000000000000000000000000000000000000000000000000000000000000000000000000000000000000000000000000000000000000000000000000000000000000000000000000000000000000000000000000000000000000000000000000000000000000000000000000000000000000000000000000000000000000000000000000000000000000000
DEBUG:root:FileName::AllocateDataBlock: allocated 8
DEBUG:root:FileName::InitRootInode: calling InsertFilenameInodeNumber
DEBUG:root:FileName::InsertFilenameInodeNumber: ., 0
DEBUG:root:Get: 8
DEBUG:root:FileName::InsertFilenameInodeNumber: block read 
00000000000000000000000000000000000000000000000000000000000000000000000000000000000000000000000000000000000000000000000000000000000000000000000000000000000000000000000000000000000000000000000000000000000000000000000000000000000000000000000000000000000000000000000000000000000000000000000000000000000000000000000000000000000000000000000000000000000000000000000000000000000000000000000000000000000000000000000000000000000000000000000000000000000000000000000000000000000000000000000000000000000000000000000000000000
DEBUG:root:FileName::InsertFilenameInodeNumber: string_start 0, string_end 12
DEBUG:root:FileName::InsertFilenameInodeNumber: inode_start 12, inode_end 16
DEBUG:root:Put: block number 8 len 256
2e000000000000000000000000000000000000000000000000000000000000000000000000000000000000000000000000000000000000000000000000000000000000000000000000000000000000000000000000000000000000000000000000000000000000000000000000000000000000000000000000000000000000000000000000000000000000000000000000000000000000000000000000000000000000000000000000000000000000000000000000000000000000000000000000000000000000000000000000000000000000000000000000000000000000000000000000000000000000000000000000000000000000000000000000000000
DEBUG:root:FileName::InsertFilenameInodeNumber: insert_to.inode.size 0
DEBUG:root:InodeNumber::StoreInode: 0
DEBUG:root:InodeNumber::StoreInode: inode_table_raw_block_number 3
DEBUG:root:Get: 3
DEBUG:root:InodeNumber::StoreInode: inode_table_raw_block:
00000010000200010000000700000000000000000000000000000000000000000000000000000000000000000000000000000000000000000000000000000000000000000000000000000000000000000000000000000000000000000000000000000000000000000000000000000000000000000000000000000000000000000000000000000000000000000000000000000000000000000000000000000000000000000000000000000000000000000000000000000000000000000000000000000000000000000000000000000000000000000000000000000000000000000000000000000000000000000000000000000000000000000000000000000000
DEBUG:root:InodeNumber::StoreInode: start: 0, end: 32
DEBUG:root:InodeNumber::StoreInode: tempblock:
00000010000200010000000800000000000000000000000000000000000000000000000000000000000000000000000000000000000000000000000000000000000000000000000000000000000000000000000000000000000000000000000000000000000000000000000000000000000000000000000000000000000000000000000000000000000000000000000000000000000000000000000000000000000000000000000000000000000000000000000000000000000000000000000000000000000000000000000000000000000000000000000000000000000000000000000000000000000000000000000000000000000000000000000000000000
DEBUG:root:Put: block number 3 len 256
00000010000200010000000800000000000000000000000000000000000000000000000000000000000000000000000000000000000000000000000000000000000000000000000000000000000000000000000000000000000000000000000000000000000000000000000000000000000000000000000000000000000000000000000000000000000000000000000000000000000000000000000000000000000000000000000000000000000000000000000000000000000000000000000000000000000000000000000000000000000000000000000000000000000000000000000000000000000000000000000000000000000000000000000000000000
DEBUG:root:FileName::InitRootInode: calling StoreInode
DEBUG:root:InodeNumber::StoreInode: 0
DEBUG:root:InodeNumber::StoreInode: inode_table_raw_block_number 3
DEBUG:root:Get: 3
DEBUG:root:InodeNumber::StoreInode: inode_table_raw_block:
00000010000200010000000800000000000000000000000000000000000000000000000000000000000000000000000000000000000000000000000000000000000000000000000000000000000000000000000000000000000000000000000000000000000000000000000000000000000000000000000000000000000000000000000000000000000000000000000000000000000000000000000000000000000000000000000000000000000000000000000000000000000000000000000000000000000000000000000000000000000000000000000000000000000000000000000000000000000000000000000000000000000000000000000000000000
DEBUG:root:InodeNumber::StoreInode: start: 0, end: 32
DEBUG:root:InodeNumber::StoreInode: tempblock:
00000010000200010000000800000000000000000000000000000000000000000000000000000000000000000000000000000000000000000000000000000000000000000000000000000000000000000000000000000000000000000000000000000000000000000000000000000000000000000000000000000000000000000000000000000000000000000000000000000000000000000000000000000000000000000000000000000000000000000000000000000000000000000000000000000000000000000000000000000000000000000000000000000000000000000000000000000000000000000000000000000000000000000000000000000000
DEBUG:root:Put: block number 3 len 256
000000100002000100000008000000000000000000000000000000000000000000000000000000000000000000000000000000000000000000000000000000000000000000000000000000000000000000000000000000000000000000000000000000000000000000000000000000000000000000000000000000000000000000000000000000000000000000000000000000000000000000000000000000000000000000000000000000000000000000000000000000000000000000000000000000000000000000000000000000000000000000000000000000000000000000000000000000000000000000000000000000000000000DEBUG:root:InodeNuDEBUG:root:InodeNumber::InodeNumberToInode: 0
DEBUG:root:Get: 3
DEBUG:root:InodeNumber::InodeNumberToInode: inode_number 0 raw_block_number: 3 slice start: 0 end: 32
DEBUG:root:inode_slice: 0000001000020001000000080000000000000000000000000000000000000000
DEBUG:root:Get: 8
DEBUG:root:InodeNumber::InodeNumberToInode: 0
DEBUG:root:Get: 3
DEBUG:root:InodeNumber::InodeNumberToInode: inode_number 0 raw_block_number: 3 slice start: 0 end: 32
DEBUG:root:inode_slice: 0000001000020001000000080000000000000000000000000000000000000000
DEBUG:root:Put: block number 255 len 256
000000000000000000000000000000000000000000000000000000000000000000000000000000000000000000000000000000000000000000000000000000000000000000000000000000000000000000000000000000000000000000000000000000000000000000000000000000000000000000000000000000000000000000000000000000000000000000000000000000000000000000000000000000000000000000000000000000000000000000000000000000000000000000000000000000000000000000000000000000000000000000000000000000000000000000000000000000000000000000000000000000000000000DEBUG:root:InodeNumber::InodeNumberToInode: 0
DEBUG:root:Get: 3
DEBUG:root:InodeNumber::InodeNumberToInode: inode_number 0 raw_block_number: 3 slice start: 0 end: 32
DEBUG:root:inode_slice: 0000002000020002000000080000000000000000000000000000000000000000
DEBUG:root:Get: 8
DEBUG:root:InodeNumber::InodeNumberToInode: 0
DEBUG:root:Get: 3
DEBUG:root:InodeNumber::InodeNumberToInode: inode_number 0 raw_block_number: 3 slice start: 0 end: 32
DEBUG:root:inode_slice: 0000002000020002000000080000000000000000000000000000000000000000
DEBUG:root:InodeNumber::InodeNumberToInode: 1
DEBUG:root:Get: 3
DEBUG:root:InodeNumber::InodeNumberToInode: inode_number 1 raw_block_number: 3 slice start: 32 end: 64
DEBUG:root:inode_slice: 0000002000020001000000090000000000000000000000000000000000000000
DEBUG:root:Put: block number 255 len 256
00000000000000000000000000000000000000000000000000000000000000000000000000000000000000000000000000000000000000000000000000000000000000000000000000000000000000000000000000000000000000000000000000000000000000000000000000000000000000000000000000000000000000000000000000000000000000000000000000000000000000000000000000000000000000000000000000000000000000000000000000000000000000000000000000000000000000000000000000000000000000000000000000000000000000000000000000000000000000000000000000000000000000000000000000000000
deNumber::InodeNumberToInode: 0
DEBUG:root:Get: 3
DEBUG:root:InodeNumber::InodeNumberToInode: inode_number 0 raw_block_number: 3 slice start: 0 end: 32
DEBUG:root:inode_slice: 0000001000020001000000080000000000000000000000000000000000000000
DEBUG:root:InodeNumber::InodeNumberToBlock: 0
DEBUG:root:InodeNumber::InodeNumberToInode: 0
DEBUG:root:Get: 3
DEBUG:root:InodeNumber::InodeNumberToInode: inode_number 0 raw_block_number: 3 slice start: 0 end: 32
DEBUG:root:inode_slice: 0000001000020001000000080000000000000000000000000000000000000000
DEBUG:root:Get: 8
DEBUG:root:FileName::HelperGetFilenameString: 2e000000000000000000000000000000000000000000000000000000000000000000000000000000000000000000000000000000000000000000000000000000000000000000000000000000000000000000000000000000000000000000000000000000000000000000000000000000000000000000000000000000000000000000000000000000000000000000000000000000000000000000000000000000000000000000000000000000000000000000000000000000000000000000000000000000000000000000000000000000000000000000000000000000000000000000000000000000000000000000000000000000000000000000000000000000, 0
DEBUG:root:FileName::Lookup for dir1 in 0: searching string bytearray(b'.\x00\x00\x00\x00\x00\x00\x00\x00\x00\x00\x00')
DEBUG:root:FileName::Lookup: file not found: dir1 in 0
DEBUG:root:FileOperations::Create: inode_position: 1, fileentry_position: 16
DEBUG:root:InodeNumber::InodeNumberToInode: 1
DEBUG:root:Get: 3
DEBUG:root:InodeNumber::InodeNumberToInode: inode_number 1 raw_block_number: 3 slice start: 32 end: 64
DEBUG:root:inode_slice: 0000000000000000000000000000000000000000000000000000000000000000
DEBUG:root:FileName::AllocateDataBlock: 
DEBUG:root:Get: 2
DEBUG:root:Get: 2
DEBUG:root:Get: 2
DEBUG:root:Put: block number 2 len 256
00000000000000010101000000000000000000000000000000000000000000000000000000000000000000000000000000000000000000000000000000000000000000000000000000000000000000000000000000000000000000000000000000000000000000000000000000000000000000000000000000000000000000000000000000000000000000000000000000000000000000000000000000000000000000000000000000000000000000000000000000000000000000000000000000000000000000000000000000000000000000000000000000000000000000000000000000000000000000000000000000000000000000000000000000000000
DEBUG:root:FileName::AllocateDataBlock: allocated 9
DEBUG:root:InodeNumber::StoreInode: 1
DEBUG:root:InodeNumber::StoreInode: inode_table_raw_block_number 3
DEBUG:root:Get: 3
DEBUG:root:InodeNumber::StoreInode: inode_table_raw_block:
00000010000200010000000800000000000000000000000000000000000000000000000000000000000000000000000000000000000000000000000000000000000000000000000000000000000000000000000000000000000000000000000000000000000000000000000000000000000000000000000000000000000000000000000000000000000000000000000000000000000000000000000000000000000000000000000000000000000000000000000000000000000000000000000000000000000000000000000000000000000000000000000000000000000000000000000000000000000000000000000000000000000000000000000000000000
DEBUG:root:InodeNumber::StoreInode: start: 32, end: 64
DEBUG:root:InodeNumber::StoreInode: tempblock:
00000010000200010000000800000000000000000000000000000000000000000000000000020001000000090000000000000000000000000000000000000000000000000000000000000000000000000000000000000000000000000000000000000000000000000000000000000000000000000000000000000000000000000000000000000000000000000000000000000000000000000000000000000000000000000000000000000000000000000000000000000000000000000000000000000000000000000000000000000000000000000000000000000000000000000000000000000000000000000000000000000000000000000000000000000000
DEBUG:root:Put: block number 3 len 256
00000010000200010000000800000000000000000000000000000000000000000000000000020001000000090000000000000000000000000000000000000000000000000000000000000000000000000000000000000000000000000000000000000000000000000000000000000000000000000000000000000000000000000000000000000000000000000000000000000000000000000000000000000000000000000000000000000000000000000000000000000000000000000000000000000000000000000000000000000000000000000000000000000000000000000000000000000000000000000000000000000000000000000000000000000000
DEBUG:root:FileName::InsertFilenameInodeNumber: dir1, 1
DEBUG:root:Get: 8
DEBUG:root:FileName::InsertFilenameInodeNumber: block read 
2e000000000000000000000000000000000000000000000000000000000000000000000000000000000000000000000000000000000000000000000000000000000000000000000000000000000000000000000000000000000000000000000000000000000000000000000000000000000000000000000000000000000000000000000000000000000000000000000000000000000000000000000000000000000000000000000000000000000000000000000000000000000000000000000000000000000000000000000000000000000000000000000000000000000000000000000000000000000000000000000000000000000000000000000000000000
DEBUG:root:FileName::InsertFilenameInodeNumber: string_start 16, string_end 28
DEBUG:root:FileName::InsertFilenameInodeNumber: inode_start 28, inode_end 32
DEBUG:root:Put: block number 8 len 256
2e000000000000000000000000000000646972310000000000000000000000010000000000000000000000000000000000000000000000000000000000000000000000000000000000000000000000000000000000000000000000000000000000000000000000000000000000000000000000000000000000000000000000000000000000000000000000000000000000000000000000000000000000000000000000000000000000000000000000000000000000000000000000000000000000000000000000000000000000000000000000000000000000000000000000000000000000000000000000000000000000000000000000000000000000000000
DEBUG:root:FileName::InsertFilenameInodeNumber: insert_to.inode.size 16
DEBUG:root:InodeNumber::StoreInode: 0
DEBUG:root:InodeNumber::StoreInode: inode_table_raw_block_number 3
DEBUG:root:Get: 3
DEBUG:root:InodeNumber::StoreInode: inode_table_raw_block:
00000010000200010000000800000000000000000000000000000000000000000000000000020001000000090000000000000000000000000000000000000000000000000000000000000000000000000000000000000000000000000000000000000000000000000000000000000000000000000000000000000000000000000000000000000000000000000000000000000000000000000000000000000000000000000000000000000000000000000000000000000000000000000000000000000000000000000000000000000000000000000000000000000000000000000000000000000000000000000000000000000000000000000000000000000000
DEBUG:root:InodeNumber::StoreInode: start: 0, end: 32
DEBUG:root:InodeNumber::StoreInode: tempblock:
00000020000200010000000800000000000000000000000000000000000000000000000000020001000000090000000000000000000000000000000000000000000000000000000000000000000000000000000000000000000000000000000000000000000000000000000000000000000000000000000000000000000000000000000000000000000000000000000000000000000000000000000000000000000000000000000000000000000000000000000000000000000000000000000000000000000000000000000000000000000000000000000000000000000000000000000000000000000000000000000000000000000000000000000000000000
DEBUG:root:Put: block number 3 len 256
00000020000200010000000800000000000000000000000000000000000000000000000000020001000000090000000000000000000000000000000000000000000000000000000000000000000000000000000000000000000000000000000000000000000000000000000000000000000000000000000000000000000000000000000000000000000000000000000000000000000000000000000000000000000000000000000000000000000000000000000000000000000000000000000000000000000000000000000000000000000000000000000000000000000000000000000000000000000000000000000000000000000000000000000000000000
DEBUG:root:FileName::InsertFilenameInodeNumber: ., 1
DEBUG:root:Get: 9
DEBUG:root:FileName::InsertFilenameInodeNumber: block read 
00000000000000000000000000000000000000000000000000000000000000000000000000000000000000000000000000000000000000000000000000000000000000000000000000000000000000000000000000000000000000000000000000000000000000000000000000000000000000000000000000000000000000000000000000000000000000000000000000000000000000000000000000000000000000000000000000000000000000000000000000000000000000000000000000000000000000000000000000000000000000000000000000000000000000000000000000000000000000000000000000000000000000000000000000000000
DEBUG:root:FileName::InsertFilenameInodeNumber: string_start 0, string_end 12
DEBUG:root:FileName::InsertFilenameInodeNumber: inode_start 12, inode_end 16
DEBUG:root:Put: block number 9 len 256
2e000000000000000000000000000001000000000000000000000000000000000000000000000000000000000000000000000000000000000000000000000000000000000000000000000000000000000000000000000000000000000000000000000000000000000000000000000000000000000000000000000000000000000000000000000000000000000000000000000000000000000000000000000000000000000000000000000000000000000000000000000000000000000000000000000000000000000000000000000000000000000000000000000000000000000000000000000000000000000000000000000000000000000000000000000000
DEBUG:root:FileName::InsertFilenameInodeNumber: insert_to.inode.size 0
DEBUG:root:InodeNumber::StoreInode: 1
DEBUG:root:InodeNumber::StoreInode: inode_table_raw_block_number 3
DEBUG:root:Get: 3
DEBUG:root:InodeNumber::StoreInode: inode_table_raw_block:
00000020000200010000000800000000000000000000000000000000000000000000000000020001000000090000000000000000000000000000000000000000000000000000000000000000000000000000000000000000000000000000000000000000000000000000000000000000000000000000000000000000000000000000000000000000000000000000000000000000000000000000000000000000000000000000000000000000000000000000000000000000000000000000000000000000000000000000000000000000000000000000000000000000000000000000000000000000000000000000000000000000000000000000000000000000
DEBUG:root:InodeNumber::StoreInode: start: 32, end: 64
DEBUG:root:InodeNumber::StoreInode: tempblock:
00000020000200010000000800000000000000000000000000000000000000000000001000020001000000090000000000000000000000000000000000000000000000000000000000000000000000000000000000000000000000000000000000000000000000000000000000000000000000000000000000000000000000000000000000000000000000000000000000000000000000000000000000000000000000000000000000000000000000000000000000000000000000000000000000000000000000000000000000000000000000000000000000000000000000000000000000000000000000000000000000000000000000000000000000000000
DEBUG:root:Put: block number 3 len 256
00000020000200010000000800000000000000000000000000000000000000000000001000020001000000090000000000000000000000000000000000000000000000000000000000000000000000000000000000000000000000000000000000000000000000000000000000000000000000000000000000000000000000000000000000000000000000000000000000000000000000000000000000000000000000000000000000000000000000000000000000000000000000000000000000000000000000000000000000000000000000000000000000000000000000000000000000000000000000000000000000000000000000000000000000000000
DEBUG:root:FileName::InsertFilenameInodeNumber: .., 0
DEBUG:root:Get: 9
DEBUG:root:FileName::InsertFilenameInodeNumber: block read 
2e000000000000000000000000000001000000000000000000000000000000000000000000000000000000000000000000000000000000000000000000000000000000000000000000000000000000000000000000000000000000000000000000000000000000000000000000000000000000000000000000000000000000000000000000000000000000000000000000000000000000000000000000000000000000000000000000000000000000000000000000000000000000000000000000000000000000000000000000000000000000000000000000000000000000000000000000000000000000000000000000000000000000000000000000000000
DEBUG:root:FileName::InsertFilenameInodeNumber: string_start 16, string_end 28
DEBUG:root:FileName::InsertFilenameInodeNumber: inode_start 28, inode_end 32
DEBUG:root:Put: block number 9 len 256
2e0000000000000000000000000000012e2e00000000000000000000000000000000000000000000000000000000000000000000000000000000000000000000000000000000000000000000000000000000000000000000000000000000000000000000000000000000000000000000000000000000000000000000000000000000000000000000000000000000000000000000000000000000000000000000000000000000000000000000000000000000000000000000000000000000000000000000000000000000000000000000000000000000000000000000000000000000000000000000000000000000000000000000000000000000000000000000
DEBUG:root:FileName::InsertFilenameInodeNumber: insert_to.inode.size 16
DEBUG:root:InodeNumber::StoreInode: 1
DEBUG:root:InodeNumber::StoreInode: inode_table_raw_block_number 3
DEBUG:root:Get: 3
DEBUG:root:InodeNumber::StoreInode: inode_table_raw_block:
00000020000200010000000800000000000000000000000000000000000000000000001000020001000000090000000000000000000000000000000000000000000000000000000000000000000000000000000000000000000000000000000000000000000000000000000000000000000000000000000000000000000000000000000000000000000000000000000000000000000000000000000000000000000000000000000000000000000000000000000000000000000000000000000000000000000000000000000000000000000000000000000000000000000000000000000000000000000000000000000000000000000000000000000000000000
DEBUG:root:InodeNumber::StoreInode: start: 32, end: 64
DEBUG:root:InodeNumber::StoreInode: tempblock:
00000020000200010000000800000000000000000000000000000000000000000000002000020001000000090000000000000000000000000000000000000000000000000000000000000000000000000000000000000000000000000000000000000000000000000000000000000000000000000000000000000000000000000000000000000000000000000000000000000000000000000000000000000000000000000000000000000000000000000000000000000000000000000000000000000000000000000000000000000000000000000000000000000000000000000000000000000000000000000000000000000000000000000000000000000000
DEBUG:root:Put: block number 3 len 256
00000020000200010000000800000000000000000000000000000000000000000000002000020001000000090000000000000000000000000000000000000000000000000000000000000000000000000000000000000000000000000000000000000000000000000000000000000000000000000000000000000000000000000000000000000000000000000000000000000000000000000000000000000000000000000000000000000000000000000000000000000000000000000000000000000000000000000000000000000000000000000000000000000000000000000000000000000000000000000000000000000000000000000000000000000000
DEBUG:root:InodeNumber::StoreInode: 0
DEBUG:root:InodeNumber::StoreInode: inode_table_raw_block_number 3
DEBUG:root:Get: 3
DEBUG:root:InodeNumber::StoreInode: inode_table_raw_block:
00000020000200010000000800000000000000000000000000000000000000000000002000020001000000090000000000000000000000000000000000000000000000000000000000000000000000000000000000000000000000000000000000000000000000000000000000000000000000000000000000000000000000000000000000000000000000000000000000000000000000000000000000000000000000000000000000000000000000000000000000000000000000000000000000000000000000000000000000000000000000000000000000000000000000000000000000000000000000000000000000000000000000000000000000000000
DEBUG:root:InodeNumber::StoreInode: start: 0, end: 32
DEBUG:root:InodeNumber::StoreInode: tempblock:
00000020000200020000000800000000000000000000000000000000000000000000002000020001000000090000000000000000000000000000000000000000000000000000000000000000000000000000000000000000000000000000000000000000000000000000000000000000000000000000000000000000000000000000000000000000000000000000000000000000000000000000000000000000000000000000000000000000000000000000000000000000000000000000000000000000000000000000000000000000000000000000000000000000000000000000000000000000000000000000000000000000000000000000000000000000
DEBUG:root:Put: block number 3 len 256
00000020000200020000000800000000000000000000000000000000000000000000002000020001000000090000000000000000000000000000000000000000000000000000000000000000000000000000000000000000000000000000000000000000000000000000000000000000000000000000000000000000000000000000000000000000000000000000000000000000000000000000000000000000000000000000000000000000000000000000000000000000000000000000000000000000000000000000000000000000000000000000000000000000000000000000000000000000000000000000000000000000000000000000000000000000
DEBUG:root:Put: block number 255 len 256
00000000000000000000000000000000000000000000000000000000000000000000000000000000000000000000000000000000000000000000000000000000000000000000000000000000000000000000000000000000000000000000000000000000000000000000000000000000000000000000000000000000000000000000000000000000000000000000000000000000000000000000000000000000000000000000000000000000000000000000000000000000000000000000000000000000000000000000000000000000000000000000000000000000000000000000000000000000000000000000000000000000000000000000000000000000
DEBUG:root:InodeNumber::InodeNumberToInode: 0
DEBUG:root:Get: 3
DEBUG:root:InodeNumber::InodeNumberToInode: inode_number 0 raw_block_number: 3 slice start: 0 end: 32
DEBUG:root:inode_slice: 0000002000020002000000080000000000000000000000000000000000000000
DEBUG:root:Get: 8
DEBUG:root:InodeNumber::InodeNumberToInode: 0
DEBUG:root:Get: 3
DEBUG:root:InodeNumber::InodeNumberToInode: inode_number 0 raw_block_number: 3 slice start: 0 end: 32
DEBUG:root:inode_slice: 0000002000020002000000080000000000000000000000000000000000000000
DEBUG:root:InodeNumber::InodeNumberToInode: 1
DEBUG:root:Get: 3
DEBUG:root:InodeNumber::InodeNumberToInode: inode_number 1 raw_block_number: 3 slice start: 32 end: 64
DEBUG:root:inode_slice: 0000002000020001000000090000000000000000000000000000000000000000
DEBUG:root:Put: block number 255 len 256
00000000000000000000000000000000000000000000000000000000000000000000000000000000000000000000000000000000000000000000000000000000000000000000000000000000000000000000000000000000000000000000000000000000000000000000000000000000000000000000000000000000000000000000000000000000000000000000000000000000000000000000000000000000000000000000000000000000000000000000000000000000000000000000000000000000000000000000000000000000000000000000000000000000000000000000000000000000000000000000000000000000000000000000000000000000
DEBUG:root:AbsolutePathName::GeneralPathToInodeNumber: path: dir2, cwd: 0
DEBUG:root:AbsolutePathName::PathToInodeNumber: path: dir2, dir: 0
DEBUG:root:FileName::Lookup: dir2, 0
DEBUG:root:InodeNumber::InodeNumberToInode: 0
DEBUG:root:Get: 3
DEBUG:root:InodeNumber::InodeNumberToInode: inode_number 0 raw_block_number: 3 slice start: 0 end: 32
DEBUG:root:inode_slice: 0000002000020002000000080000000000000000000000000000000000000000
DEBUG:root:InodeNumber::InodeNumberToBlock: 0
DEBUG:root:InodeNumber::InodeNumberToInode: 0
DEBUG:root:Get: 3
DEBUG:root:InodeNumber::InodeNumberToInode: inode_number 0 raw_block_number: 3 slice start: 0 end: 32
DEBUG:root:inode_slice: 0000002000020002000000080000000000000000000000000000000000000000
DEBUG:root:Get: 8
DEBUG:root:FileName::HelperGetFilenameString: 2e000000000000000000000000000000646972310000000000000000000000010000000000000000000000000000000000000000000000000000000000000000000000000000000000000000000000000000000000000000000000000000000000000000000000000000000000000000000000000000000000000000000000000000000000000000000000000000000000000000000000000000000000000000000000000000000000000000000000000000000000000000000000000000000000000000000000000000000000000000000000000000000000000000000000000000000000000000000000000000000000000000000000000000000000000000, 0
DEBUG:root:FileName::Lookup for dir2 in 0: searching string bytearray(b'.\x00\x00\x00\x00\x00\x00\x00\x00\x00\x00\x00')
DEBUG:root:FileName::HelperGetFilenameString: 2e000000000000000000000000000000646972310000000000000000000000010000000000000000000000000000000000000000000000000000000000000000000000000000000000000000000000000000000000000000000000000000000000000000000000000000000000000000000000000000000000000000000000000000000000000000000000000000000000000000000000000000000000000000000000000000000000000000000000000000000000000000000000000000000000000000000000000000000000000000000000000000000000000000000000000000000000000000000000000000000000000000000000000000000000000000, 1
DEBUG:root:FileName::Lookup for dir2 in 0: searching string bytearray(b'dir1\x00\x00\x00\x00\x00\x00\x00\x00')
DEBUG:root:FileName::Lookup: file not found: dir2 in 0
DEBUG:root:Put: block number 255 len 256
00000000000000000000000000000000000000000000000000000000000000000000000000000000000000000000000000000000000000000000000000000000000000000000000000000000000000000000000000000000000000000000000000000000000000000000000000000000000000000000000000000000000000000000000000000000000000000000000000000000000000000000000000000000000000000000000000000000000000000000000000000000000000000000000000000000000000000000000000000000000000000000000000000000000000000000000000000000000000000000000000000000000000000000000000000000
DEBUG:root:InodeNumber::InodeNumberToInode: 0
DEBUG:root:Get: 3
DEBUG:root:InodeNumber::InodeNumberToInode: inode_number 0 raw_block_number: 3 slice start: 0 end: 32
DEBUG:root:inode_slice: 0000002000020002000000080000000000000000000000000000000000000000
DEBUG:root:Get: 8
DEBUG:root:InodeNumber::InodeNumberToInode: 0
DEBUG:root:Get: 3
DEBUG:root:InodeNumber::InodeNumberToInode: inode_number 0 raw_block_number: 3 slice start: 0 end: 32
DEBUG:root:inode_slice: 0000002000020002000000080000000000000000000000000000000000000000
DEBUG:root:InodeNumber::InodeNumberToInode: 1
DEBUG:root:Get: 3
DEBUG:root:InodeNumber::InodeNumberToInode: inode_number 1 raw_block_number: 3 slice start: 32 end: 64
DEBUG:root:inode_slice: 0000002000020001000000090000000000000000000000000000000000000000
DEBUG:root:Put: block number 255 len 256
00000000000000000000000000000000000000000000000000000000000000000000000000000000000000000000000000000000000000000000000000000000000000000000000000000000000000000000000000000000000000000000000000000000000000000000000000000000000000000000000000000000000000000000000000000000000000000000000000000000000000000000000000000000000000000000000000000000000000000000000000000000000000000000000000000000000000000000000000000000000000000000000000000000000000000000000000000000000000000000000000000000000000000000000000000000
DEBUG:root:AbsolutePathName::GeneralPathToInodeNumber: path: dir2, cwd: 0
DEBUG:root:AbsolutePathName::PathToInodeNumber: path: dir2, dir: 0
DEBUG:root:FileName::Lookup: dir2, 0
DEBUG:root:InodeNumber::InodeNumberToInode: 0
DEBUG:root:Get: 3
DEBUG:root:InodeNumber::InodeNumberToInode: inode_number 0 raw_block_number: 3 slice start: 0 end: 32
DEBUG:root:inode_slice: 0000002000020002000000080000000000000000000000000000000000000000
DEBUG:root:InodeNumber::InodeNumberToBlock: 0
DEBUG:root:InodeNumber::InodeNumberToInode: 0
DEBUG:root:Get: 3
DEBUG:root:InodeNumber::InodeNumberToInode: inode_number 0 raw_block_number: 3 slice start: 0 end: 32
DEBUG:root:inode_slice: 0000002000020002000000080000000000000000000000000000000000000000
DEBUG:root:Get: 8
DEBUG:root:FileName::HelperGetFilenameString: 2e000000000000000000000000000000646972310000000000000000000000010000000000000000000000000000000000000000000000000000000000000000000000000000000000000000000000000000000000000000000000000000000000000000000000000000000000000000000000000000000000000000000000000000000000000000000000000000000000000000000000000000000000000000000000000000000000000000000000000000000000000000000000000000000000000000000000000000000000000000000000000000000000000000000000000000000000000000000000000000000000000000000000000000000000000000, 0
DEBUG:root:FileName::Lookup for dir2 in 0: searching string bytearray(b'.\x00\x00\x00\x00\x00\x00\x00\x00\x00\x00\x00')
DEBUG:root:FileName::HelperGetFilenameString: 2e000000000000000000000000000000646972310000000000000000000000010000000000000000000000000000000000000000000000000000000000000000000000000000000000000000000000000000000000000000000000000000000000000000000000000000000000000000000000000000000000000000000000000000000000000000000000000000000000000000000000000000000000000000000000000000000000000000000000000000000000000000000000000000000000000000000000000000000000000000000000000000000000000000000000000000000000000000000000000000000000000000000000000000000000000000, 1
DEBUG:root:FileName::Lookup for dir2 in 0: searching string bytearray(b'dir1\x00\x00\x00\x00\x00\x00\x00\x00')
DEBUG:root:FileName::Lookup: file not found: dir2 in 0
DEBUG:root:Put: block number 255 len 256
00000000000000000000000000000000000000000000000000000000000000000000000000000000000000000000000000000000000000000000000000000000000000000000000000000000000000000000000000000000000000000000000000000000000000000000000000000000000000000000000000000000000000000000000000000000000000000000000000000000000000000000000000000000000000000000000000000000000000000000000000000000000000000000000000000000000000000000000000000000000000000000000000000000000000000000000000000000000000000000000000000000000000000000000000000000
