DEBUG:root:FileName::InitRootInode
DEBUG:root:InodeNumber::InodeNumberToInode: 0
DEBUG:root:Get: 3
DEBUG:root:InodeNumber::InodeNumberToInode: inode_number 0 raw_block_number: 3 slice start: 0 end: 32
DEBUG:root:inode_slice: 0000001000020001000000070000000000000000000000000000000000000000
DEBUG:root:FileName::InitRootInode: calling AllocateDataBlock
DEBUG:root:FileName::AllocateDataBlock: 
DEBUG:root:Get: 2
DEBUG:root:Get: 2
DEBUG:root:Put: block number 2 len 256
00000000000000010100000000000000000000000000000000000000000000000000000000000000000000000000000000000000000000000000000000000000000000000000000000000000000000000000000000000000000000000000000000000000000000000000000000000000000000000000000000000000000000000000000000000000000000000000000000000000000000000000000000000000000000000000000000000000000000000000000000000000000000000000000000000000000000000000000000000000000000000000000000000000000000000000000000000000000000000000000000000000000000000000000000000000
DEBUG:root:FileName::AllocateDataBlock: allocated 8
DEBUG:root:FileName::InitRootInode: calling InsertFilenameInodeNumber
DEBUG:root:FileName::InsertFilenameInodeNumber: ., 0
DEBUG:root:Get: 8
DEBUG:root:FileName::InsertFilenameInodeNumber: block read 
00000000000000000000000000000000000000000000000000000000000000000000000000000000000000000000000000000000000000000000000000000000000000000000000000000000000000000000000000000000000000000000000000000000000000000000000000000000000000000000000000000000000000000000000000000000000000000000000000000000000000000000000000000000000000000000000000000000000000000000000000000000000000000000000000000000000000000000000000000000000000000000000000000000000000000000000000000000000000000000000000000000000000000000000000000000
DEBUG:root:FileName::InsertFilenameInodeNumber: string_start 0, string_end 12
DEBUG:root:FileName::InsertFilenameInodeNumber: inode_start 12, inode_end 16
DEBUG:root:Put: block number 8 len 256
2e000000000000000000000000000000000000000000000000000000000000000000000000000000000000000000000000000000000000000000000000000000000000000000000000000000000000000000000000000000000000000000000000000000000000000000000000000000000000000000000000000000000000000000000000000000000000000000000000000000000000000000000000000000000000000000000000000000000000000000000000000000000000000000000000000000000000000000000000000000000000000000000000000000000000000000000000000000000000000000000000000000000000000000000000000000
DEBUG:root:FileName::InsertFilenameInodeNumber: insert_to.inode.size 0
DEBUG:root:InodeNumber::StoreInode: 0
DEBUG:root:InodeNumber::StoreInode: inode_table_raw_block_number 3
DEBUG:root:Get: 3
DEBUG:root:InodeNumber::StoreInode: inode_table_raw_block:
00000010000200010000000700000000000000000000000000000000000000000000000000000000000000000000000000000000000000000000000000000000000000000000000000000000000000000000000000000000000000000000000000000000000000000000000000000000000000000000000000000000000000000000000000000000000000000000000000000000000000000000000000000000000000000000000000000000000000000000000000000000000000000000000000000000000000000000000000000000000000000000000000000000000000000000000000000000000000000000000000000000000000000000000000000000
DEBUG:root:InodeNumber::StoreInode: start: 0, end: 32
DEBUG:root:InodeNumber::StoreInode: tempblock:
00000010000200010000000800000000000000000000000000000000000000000000000000000000000000000000000000000000000000000000000000000000000000000000000000000000000000000000000000000000000000000000000000000000000000000000000000000000000000000000000000000000000000000000000000000000000000000000000000000000000000000000000000000000000000000000000000000000000000000000000000000000000000000000000000000000000000000000000000000000000000000000000000000000000000000000000000000000000000000000000000000000000000000000000000000000
DEBUG:root:Put: block number 3 len 256
00000010000200010000000800000000000000000000000000000000000000000000000000000000000000000000000000000000000000000000000000000000000000000000000000000000000000000000000000000000000000000000000000000000000000000000000000000000000000000000000000000000000000000000000000000000000000000000000000000000000000000000000000000000000000000000000000000000000000000000000000000000000000000000000000000000000000000000000000000000000000000000000000000000000000000000000000000000000000000000000000000000000000000000000000000000
DEBUG:root:FileName::InitRootInode: calling StoreInode
DEBUG:root:InodeNumber::StoreInode: 0
DEBUG:root:InodeNumber::StoreInode: inode_table_raw_block_number 3
DEBUG:root:Get: 3
DEBUG:root:InodeNumber::StoreInode: inode_table_raw_block:
00000010000200010000000800000000000000000000000000000000000000000000000000000000000000000000000000000000000000000000000000000000000000000000000000000000000000000000000000000000000000000000000000000000000000000000000000000000000000000000000000000000000000000000000000000000000000000000000000000000000000000000000000000000000000000000000000000000000000000000000000000000000000000000000000000000000000000000000000000000000000000000000000000000000000000000000000000000000000000000000000000000000000000000000000000000
DEBUG:root:InodeNumber::StoreInode: start: 0, end: 32
DEBUG:root:InodeNumber::StoreInode: tempblock:
00000010000200010000000800000000000000000000000000000000000000000000000000000000000000000000000000000000000000000000000000000000000000000000000000000000000000000000000000000000000000000000000000000000000000000000000000000000000000000000000000000000000000000000000000000000000000000000000000000000000000000000000000000000000000000000000000000000000000000000000000000000000000000000000000000000000000000000000000000000000000000000000000000000000000000000000000000000000000000000000000000000000000000000000000000000
DEBUG:root:Put: block number 3 len 256
000000100002000100000008000000000000000000000000000000000000000000000000000000000000000000000000000000000000000000000000000000000000000000000000000000000000000000000000000000000000000000000000000000000000000000000000000000000000000000000000000000000000000000000000000000000000000000000000000000000000000000000000000000000000000000000000000000000000000000000000000000000000000000000000000000000000000000000000000000000000000000000000000000000000000000000000000000000000000000000000000000000000000DEBUG:root:Get: 254
DEBUG:root:Put: block number 254 len 256
01000000000000000000000000000000000000000000000000000000000000000000000000000000000000000000000000000000000000000000000000000000000000000000000000000000000000000000000000000000000000000000000000000000000000000000000000000000000000000000000000000000000000000000000000000000000000000000000000000000000000000000000000000000000000000000000000000000000000000000000000000000000000000000000000000000000000000000000000000000000000000000000000000000000000000000000000000000000000000000000000000000000000000000000000000000
DEBUG:root:AbsolutePathName::GeneralPathToInodeNumber: path: f1, cwd: 0
DEBUG:root:AbsolutePathName::PathToInodeNumber: path: f1, dir: 0
DEBUG:root:FileName::Lookup: f1, 0
DEBUG:root:InodeNumber::InodeNumberToInode: 0
DEBUG:root:Get: 3
DEBUG:root:InodeNumber::InodeNumberToInode: inode_number 0 raw_block_number: 3 slice start: 0 end: 32
DEBUG:root:inode_slice: 0000002000020002000000080000000000000000000000000000000000000000
DEBUG:root:InodeNumber::InodeNumberToBlock: 0
DEBUG:root:InodeNumber::InodeNumberToInode: 0
DEBUG:root:Get: 3
DEBUG:root:InodeNumber::InodeNumberToInode: inode_number 0 raw_block_number: 3 slice start: 0 end: 32
DEBUG:root:inode_slice: 0000002000020002000000080000000000000000000000000000000000000000
DEBUG:root:Get: 8
DEBUG:root:FileName::HelperGetFilenameString: 2e000000000000000000000000000000663100000000000000000000000000010000000000000000000000000000000000000000000000000000000000000000000000000000000000000000000000000000000000000000000000000000000000000000000000000000000000000000000000000000000000000000000000000000000000000000000000000000000000000000000000000000000000000000000000000000000000000000000000000000000000000000000000000000000000000000000000000000000000000000000000000000000000000000000000000000000000000000000000000000000000000000000000000000000000000000, 0
DEBUG:root:FileName::Lookup for f1 in 0: searching string bytearray(b'.\x00\x00\x00\x00\x00\x00\x00\x00\x00\x00\x00')
DEBUG:root:FileName::HelperGetFilenameString: 2e000000000000000000000000000000663100000000000000000000000000010000000000000000000000000000000000000000000000000000000000000000000000000000000000000000000000000000000000000000000000000000000000000000000000000000000000000000000000000000000000000000000000000000000000000000000000000000000000000000000000000000000000000000000000000000000000000000000000000000000000000000000000000000000000000000000000000000000000000000000000000000000000000000000000000000000000000000000000000000000000000000000000000000000000000000, 1
DEBUG:root:FileName::Lookup for f1 in 0: searching string bytearray(b'f1\x00\x00\x00\x00\x00\x00\x00\x00\x00\x00')
DEBUG:root:FileName::HelperGetFilenameInodeNumber: 2e000000000000000000000000000000663100000000000000000000000000010000000000000000000000000000000000000000000000000000000000000000000000000000000000000000000000000000000000000000000000000000000000000000000000000000000000000000000000000000000000000000000000000000000000000000000000000000000000000000000000000000000000000000000000000000000000000000000000000000000000000000000000000000000000000000000000000000000000000000000000000000000000000000000000000000000000000000000000000000000000000000000000000000000000000000, 1
DEBUG:root:FileName::Lookup successful: 1
DEBUG:root:InodeNumber::InodeNumberToInode: 1
DEBUG:root:Get: 3
DEBUG:root:InodeNumber::InodeNumberToInode: inode_number 1 raw_block_number: 3 slice start: 32 end: 64
DEBUG:root:inode_slice: 0000000800010001000000090000000000000000000000000000000000000000
DEBUG:root:FileOperations::Read: file_inode_number: 1, offset: 0, count: 1536
DEBUG:root:InodeNumber::InodeNumberToInode: 1
DEBUG:root:Get: 3
DEBUG:root:InodeNumber::InodeNumberToInode: inode_number 1 raw_block_number: 3 slice start: 32 end: 64
DEBUG:root:inode_slice: 0000000800010001000000090000000000000000000000000000000000000000
DEBUG:root:FileOperations::Read: current_block_index: 0 , next_block_boundary: 256
DEBUG:root:FileOperations::Read: read_start: 0 , read_end: 8
DEBUG:root:Get: 9
DEBUG:root:FileOperations::Read: current_offset: 8 , bytes_read: 8
DEBUG:root:Put: block number 255 len 256
00000000000000000000000000000000000000000000000000000000000000000000000000000000000000000000000000000000000000000000000000000000000000000000000000000000000000000000000000000000000000000000000000000000000000000000000000000000000000000000000000000000000000000000000000000000000000000000000000000000000000000000000000000000000000000000000000000000000000000000000000000000000000000000000000000000000000000000000000000000000000000000000000000000000000000000000000000000000000000000000000000000000000000000000000000000
DEBUG:root:Get: 254
DEBUG:root:AbsolutePathName::GeneralPathToInodeNumber: path: f1, cwd: 0
DEBUG:root:AbsolutePathName::PathToInodeNumber: path: f1, dir: 0
DEBUG:root:FileName::Lookup: f1, 0
DEBUG:root:InodeNumber::InodeNumberToInode: 0
DEBUG:root:Get: 3
DEBUG:root:InodeNumber::InodeNumberToInode: inode_number 0 raw_block_number: 3 slice start: 0 end: 32
DEBUG:root:inode_slice: 0000002000020002000000080000000000000000000000000000000000000000
DEBUG:root:InodeNumber::InodeNumberToBlock: 0
DEBUG:root:InodeNumber::InodeNumberToInode: 0
DEBUG:root:Get: 3
DEBUG:root:InodeNumber::InodeNumberToInode: inode_number 0 raw_block_number: 3 slice start: 0 end: 32
DEBUG:root:inode_slice: 0000002000020002000000080000000000000000000000000000000000000000
DEBUG:root:Get: 8
DEBUG:root:FileName::HelperGetFilenameString: 2e000000000000000000000000000000663100000000000000000000000000010000000000000000000000000000000000000000000000000000000000000000000000000000000000000000000000000000000000000000000000000000000000000000000000000000000000000000000000000000000000000000000000000000000000000000000000000000000000000000000000000000000000000000000000000000000000000000000000000000000000000000000000000000000000000000000000000000000000000000000000000000000000000000000000000000000000000000000000000000000000000000000000000000000000000000, 0
DEBUG:root:FileName::Lookup for f1 in 0: searching string bytearray(b'.\x00\x00\x00\x00\x00\x00\x00\x00\x00\x00\x00')
DEBUG:root:FileName::HelperGetFilenameString: 2e000000000000000000000000000000663100000000000000000000000000010000000000000000000000000000000000000000000000000000000000000000000000000000000000000000000000000000000000000000000000000000000000000000000000000000000000000000000000000000000000000000000000000000000000000000000000000000000000000000000000000000000000000000000000000000000000000000000000000000000000000000000000000000000000000000000000000000000000000000000000000000000000000000000000000000000000000000000000000000000000000000000000000000000000000000, 1
DEBUG:root:FileName::Lookup for f1 in 0: searching string bytearray(b'f1\x00\x00\x00\x00\x00\x00\x00\x00\x00\x00')
DEBUG:root:FileName::HelperGetFilenameInodeNumber: 2e000000000000000000000000000000663100000000000000000000000000010000000000000000000000000000000000000000000000000000000000000000000000000000000000000000000000000000000000000000000000000000000000000000000000000000000000000000000000000000000000000000000000000000000000000000000000000000000000000000000000000000000000000000000000000000000000000000000000000000000000000000000000000000000000000000000000000000000000000000000000000000000000000000000000000000000000000000000000000000000000000000000000000000000000000000, 1
DEBUG:root:FileName::Lookup successful: 1
DEBUG:root:InodeNumber::InodeNumberToInode: 1
DEBUG:root:Get: 3
DEBUG:root:InodeNumber::InodeNumberToInode: inode_number 1 raw_block_number: 3 slice start: 32 end: 64
DEBUG:root:inode_slice: 0000000800010001000000090000000000000000000000000000000000000000
DEBUG:root:FileOperations::Read: file_inode_number: 1, offset: 0, count: 1536
DEBUG:root:InodeNumber::InodeNumberToInode: 1
DEBUG:root:Get: 3
DEBUG:root:InodeNumber::InodeNumberToInode: inode_number 1 raw_block_number: 3 slice start: 32 end: 64
DEBUG:root:inode_slice: 0000000800010001000000090000000000000000000000000000000000000000
DEBUG:root:FileOperations::Read: current_block_index: 0 , next_block_boundary: 256
DEBUG:root:FileOperations::Read: read_start: 0 , read_end: 8
DEBUG:root:Get: 9
DEBUG:root:FileOperations::Read: current_offset: 8 , bytes_read: 8
DEBUG:root:Put: block number 255 len 256
00000000000000000000000000000000000000000000000000000000000000000000000000000000000000000000000000000000000000000000000000000000000000000000000000000000000000000000000000000000000000000000000000000000000000000000000000000000000000000000000000000000000000000000000000000000000000000000000000000000000000000000000000000000000000000000000000000000000000000000000000000000000000000000000000000000000000000000000000000000000000000000000000000000000000000000000000000000000000000000000000000000000000000000000000000000
DEBUG:root:Get: 254
DEBUG:root:Put: block number 254 len 256
01000000000000000000000000000000000000000000000000000000000000000000000000000000000000000000000000000000000000000000000000000000000000000000000000000000000000000000000000000000000000000000000000000000000000000000000000000000000000000000000000000000000000000000000000000000000000000000000000000000000000000000000000000000000000000000000000000000000000000000000000000000000000000000000000000000000000000000000000000000000000000000000000000000000000000000000000000000000000000000000000000000000000000000000000000000
DEBUG:root:FileOperations::Unlink: dir: 0, name: f2
DEBUG:root:InodeNumber::InodeNumberToInode: 0
DEBUG:root:Get: 3
DEBUG:root:InodeNumber::InodeNumberToInode: inode_number 0 raw_block_number: 3 slice start: 0 end: 32
DEBUG:root:inode_slice: 0000003000020003000000080000000000000000000000000000000000000000
DEBUG:root:FileName::Lookup: f2, 0
DEBUG:root:InodeNumber::InodeNumberToInode: 0
DEBUG:root:Get: 3
DEBUG:root:InodeNumber::InodeNumberToInode: inode_number 0 raw_block_number: 3 slice start: 0 end: 32
DEBUG:root:inode_slice: 0000003000020003000000080000000000000000000000000000000000000000
DEBUG:root:InodeNumber::InodeNumberToBlock: 0
DEBUG:root:InodeNumber::InodeNumberToInode: 0
DEBUG:root:Get: 3
DEBUG:root:InodeNumber::InodeNumberToInode: inode_number 0 raw_block_number: 3 slice start: 0 end: 32
DEBUG:root:inode_slice: 0000003000020003000000080000000000000000000000000000000000000000
DEBUG:root:Get: 8
DEBUG:root:FileName::HelperGetFilenameString: 2e000000000000000000000000000000663100000000000000000000000000016632000000000000000000000000000200000000000000000000000000000000000000000000000000000000000000000000000000000000000000000000000000000000000000000000000000000000000000000000000000000000000000000000000000000000000000000000000000000000000000000000000000000000000000000000000000000000000000000000000000000000000000000000000000000000000000000000000000000000000000000000000000000000000000000000000000000000000000000000000000000000000000000000000000000000, 0
DEBUG:root:FileName::Lookup for f2 in 0: searching string bytearray(b'.\x00\x00\x00\x00\x00\x00\x00\x00\x00\x00\x00')
DEBUG:root:FileName::HelperGetFilenameString: 2e000000000000000000000000000000663100000000000000000000000000016632000000000000000000000000000200000000000000000000000000000000000000000000000000000000000000000000000000000000000000000000000000000000000000000000000000000000000000000000000000000000000000000000000000000000000000000000000000000000000000000000000000000000000000000000000000000000000000000000000000000000000000000000000000000000000000000000000000000000000000000000000000000000000000000000000000000000000000000000000000000000000000000000000000000000, 1
DEBUG:root:FileName::Lookup for f2 in 0: searching string bytearray(b'f1\x00\x00\x00\x00\x00\x00\x00\x00\x00\x00')
DEBUG:root:FileName::HelperGetFilenameString: 2e000000000000000000000000000000663100000000000000000000000000016632000000000000000000000000000200000000000000000000000000000000000000000000000000000000000000000000000000000000000000000000000000000000000000000000000000000000000000000000000000000000000000000000000000000000000000000000000000000000000000000000000000000000000000000000000000000000000000000000000000000000000000000000000000000000000000000000000000000000000000000000000000000000000000000000000000000000000000000000000000000000000000000000000000000000, 2
DEBUG:root:FileName::Lookup for f2 in 0: searching string bytearray(b'f2\x00\x00\x00\x00\x00\x00\x00\x00\x00\x00')
DEBUG:root:FileName::HelperGetFilenameInodeNumber: 2e000000000000000000000000000000663100000000000000000000000000016632000000000000000000000000000200000000000000000000000000000000000000000000000000000000000000000000000000000000000000000000000000000000000000000000000000000000000000000000000000000000000000000000000000000000000000000000000000000000000000000000000000000000000000000000000000000000000000000000000000000000000000000000000000000000000000000000000000000000000000000000000000000000000000000000000000000000000000000000000000000000000000000000000000000000, 2
DEBUG:root:FileName::Lookup successful: 2
DEBUG:root:InodeNumber::InodeNumberToInode: 2
DEBUG:root:Get: 3
DEBUG:root:InodeNumber::InodeNumberToInode: inode_number 2 raw_block_number: 3 slice start: 64 end: 96
DEBUG:root:inode_slice: 00000008000100010000000a0000000000000000000000000000000000000000
DEBUG:root:Get: 8
DEBUG:root:FileOperations::Unlink: tempdirtable: 2e000000000000000000000000000000663100000000000000000000000000016632000000000000000000000000000200000000000000000000000000000000000000000000000000000000000000000000000000000000000000000000000000000000000000000000000000000000000000000000000000000000000000000000000000000000000000000000000000000000000000000000000000000000000000000000000000000000000000000000000000000000000000000000000000000000000000000000000000000000000000000000000000000000000000000000000000000000000000000000000000000000000000000000000000000000
DEBUG:root:FileOperations::Unlink: found a match bytearray(b'f2\x00\x00\x00\x00\x00\x00\x00\x00\x00\x00')
DEBUG:root:FileOperations::Unlink: writing back block_index 0
DEBUG:root:Put: block number 8 len 240
2e0000000000000000000000000000006631000000000000000000000000000100000000000000000000000000000000000000000000000000000000000000000000000000000000000000000000000000000000000000000000000000000000000000000000000000000000000000000000000000000000000000000000000000000000000000000000000000000000000000000000000000000000000000000000000000000000000000000000000000000000000000000000000000000000000000000000000000000000000000000000000000000000000000000000000000000000000000000000000000000000
DEBUG:root:FileOperations::Unlink: updating dir_inode
DEBUG:root:InodeNumber::StoreInode: 0
DEBUG:root:InodeNumber::StoreInode: inode_table_raw_block_number 3
DEBUG:root:Get: 3
DEBUG:root:InodeNumber::StoreInode: inode_table_raw_block:
0000003000020003000000080000000000000000000000000000000000000000000000080001000100000009000000000000000000000000000000000000000000000008000100010000000a000000000000000000000000000000000000000000000000000000000000000000000000000000000000000000000000000000000000000000000000000000000000000000000000000000000000000000000000000000000000000000000000000000000000000000000000000000000000000000000000000000000000000000000000000000000000000000000000000000000000000000000000000000000000000000000000000000000000000000000000
DEBUG:root:InodeNumber::StoreInode: start: 0, end: 32
DEBUG:root:InodeNumber::StoreInode: tempblock:
0000002000020002000000080000000000000000000000000000000000000000000000080001000100000009000000000000000000000000000000000000000000000008000100010000000a000000000000000000000000000000000000000000000000000000000000000000000000000000000000000000000000000000000000000000000000000000000000000000000000000000000000000000000000000000000000000000000000000000000000000000000000000000000000000000000000000000000000000000000000000000000000000000000000000000000000000000000000000000000000000000000000000000000000000000000000
DEBUG:root:Put: block number 3 len 256
0000002000020002000000080000000000000000000000000000000000000000000000080001000100000009000000000000000000000000000000000000000000000008000100010000000a000000000000000000000000000000000000000000000000000000000000000000000000000000000000000000000000000000000000000000000000000000000000000000000000000000000000000000000000000000000000000000000000000000000000000000000000000000000000000000000000000000000000000000000000000000000000000000000000000000000000000000000000000000000000000000000000000000000000000000000000
DEBUG:root:InodeNumber::StoreInode: 2
DEBUG:root:InodeNumber::StoreInode: inode_table_raw_block_number 3
DEBUG:root:Get: 3
DEBUG:root:InodeNumber::StoreInode: inode_table_raw_block:
0000002000020002000000080000000000000000000000000000000000000000000000080001000100000009000000000000000000000000000000000000000000000008000100010000000a000000000000000000000000000000000000000000000000000000000000000000000000000000000000000000000000000000000000000000000000000000000000000000000000000000000000000000000000000000000000000000000000000000000000000000000000000000000000000000000000000000000000000000000000000000000000000000000000000000000000000000000000000000000000000000000000000000000000000000000000
DEBUG:root:InodeNumber::StoreInode: start: 64, end: 96
DEBUG:root:InodeNumber::StoreInode: tempblock:
0000002000020002000000080000000000000000000000000000000000000000000000080001000100000009000000000000000000000000000000000000000000000008000100000000000a000000000000000000000000000000000000000000000000000000000000000000000000000000000000000000000000000000000000000000000000000000000000000000000000000000000000000000000000000000000000000000000000000000000000000000000000000000000000000000000000000000000000000000000000000000000000000000000000000000000000000000000000000000000000000000000000000000000000000000000000
DEBUG:root:Put: block number 3 len 256
0000002000020002000000080000000000000000000000000000000000000000000000080001000100000009000000000000000000000000000000000000000000000008000100000000000a000000000000000000000000000000000000000000000000000000000000000000000000000000000000000000000000000000000000000000000000000000000000000000000000000000000000000000000000000000000000000000000000000000000000000000000000000000000000000000000000000000000000000000000000000000000000000000000000000000000000000000000000000000000000000000000000000000000000000000000000
DEBUG:root:FileOperations::Unlink: last reference; freeing data blocks and inode
DEBUG:root:Get: 2
DEBUG:root:Put: block number 2 len 256
00000000000000010101000000000000000000000000000000000000000000000000000000000000000000000000000000000000000000000000000000000000000000000000000000000000000000000000000000000000000000000000000000000000000000000000000000000000000000000000000000000000000000000000000000000000000000000000000000000000000000000000000000000000000000000000000000000000000000000000000000000000000000000000000000000000000000000000000000000000000000000000000000000000000000000000000000000000000000000000000000000000000000000000000000000000
DEBUG:root:InodeNumber::StoreInode: 2
DEBUG:root:InodeNumber::StoreInode: inode_table_raw_block_number 3
DEBUG:root:Get: 3
DEBUG:root:InodeNumber::StoreInode: inode_table_raw_block:
0000002000020002000000080000000000000000000000000000000000000000000000080001000100000009000000000000000000000000000000000000000000000008000100000000000a000000000000000000000000000000000000000000000000000000000000000000000000000000000000000000000000000000000000000000000000000000000000000000000000000000000000000000000000000000000000000000000000000000000000000000000000000000000000000000000000000000000000000000000000000000000000000000000000000000000000000000000000000000000000000000000000000000000000000000000000
DEBUG:root:InodeNumber::StoreInode: start: 64, end: 96
DEBUG:root:InodeNumber::StoreInode: tempblock:
00000020000200020000000800000000000000000000000000000000000000000000000800010001000000090000000000000000000000000000000000000000000000000000000000000000000000000000000000000000000000000000000000000000000000000000000000000000000000000000000000000000000000000000000000000000000000000000000000000000000000000000000000000000000000000000000000000000000000000000000000000000000000000000000000000000000000000000000000000000000000000000000000000000000000000000000000000000000000000000000000000000000000000000000000000000
DEBUG:root:Put: block number 3 len 256
00000020000200020000000800000000000000000000000000000000000000000000000800010001000000090000000000000000000000000000000000000000000000000000000000000000000000000000000000000000000000000000000000000000000000000000000000000000000000000000000000000000000000000000000000000000000000000000000000000000000000000000000000000000000000000000000000000000000000000000000000000000000000000000000000000000000000000000000000000000000000000000000000000000000000000000000000000000000000000000000000000000000000000000000000000000
DEBUG:root:Put: block number 255 len 256
00000000000000000000000000000000000000000000000000000000000000000000000000000000000000000000000000000000000000000000000000000000000000000000000000000000000000000000000000000000000000000000000000000000000000000000000000000000000000000000000000000000000000000000000000000000000000000000000000000000000000000000000000000000000000000000000000000000000000000000000000000000000000000000000000000000000000000000000000000000000000000000000000000000000000000000000000000000000000000000000000000000000000000000000000000000
000000000000000010000000000000000000000000000000000000000000000000000000000000000000000000000000000000000000000000000000000000000000000000000000000000000000000000000000000000000000000000000000000000000000000000000000000000000000000000000000000000000000000000000000000000000000000000000000000000000000000000000000000000000000000000000000000000000000000000000000000000000000000000000000000000000000000000000000000000000000000000000000000000000000000000000000000000000, 1
DEBUG:root:FileName::Lookup for f2 in 0: searching string bytearray(b'f1\x00\x00\x00\x00\x00\x00\x00\x00\x00\x00')
DEBUG:root:FileName::Lookup: file not found: f2 in 0
DEBUG:root:FileOperations::Create: inode_position: 2, fileentry_position: 32
DEBUG:root:InodeNumber::InodeNumberToInode: 2
DEBUG:root:Get: 3
DEBUG:root:InodeNumber::InodeNumberToInode: inode_number 2 raw_block_number: 3 slice start: 64 end: 96
DEBUG:root:inode_slice: 0000000000000000000000000000000000000000000000000000000000000000
DEBUG:root:InodeNumber::StoreInode: 2
DEBUG:root:InodeNumber::StoreInode: inode_table_raw_block_number 3
DEBUG:root:Get: 3
DEBUG:root:InodeNumber::StoreInode: inode_table_raw_block:
00000020000200020000000800000000000000000000000000000000000000000000000800010001000000090000000000000000000000000000000000000000000000000000000000000000000000000000000000000000000000000000000000000000000000000000000000000000000000000000000000000000000000000000000000000000000000000000000000000000000000000000000000000000000000000000000000000000000000000000000000000000000000000000000000000000000000000000000000000000000000000000000000000000000000000000000000000000000000000000000000000000000000000000000000000000
DEBUG:root:InodeNumber::StoreInode: start: 64, end: 96
DEBUG:root:InodeNumber::StoreInode: tempblock:
00000020000200020000000800000000000000000000000000000000000000000000000800010001000000090000000000000000000000000000000000000000000000000001000100000000000000000000000000000000000000000000000000000000000000000000000000000000000000000000000000000000000000000000000000000000000000000000000000000000000000000000000000000000000000000000000000000000000000000000000000000000000000000000000000000000000000000000000000000000000000000000000000000000000000000000000000000000000000000000000000000000000000000000000000000000
DEBUG:root:Put: block number 3 len 256
00000020000200020000000800000000000000000000000000000000000000000000000800010001000000090000000000000000000000000000000000000000000000000001000100000000000000000000000000000000000000000000000000000000000000000000000000000000000000000000000000000000000000000000000000000000000000000000000000000000000000000000000000000000000000000000000000000000000000000000000000000000000000000000000000000000000000000000000000000000000000000000000000000000000000000000000000000000000000000000000000000000000000000000000000000000
DEBUG:root:FileName::InsertFilenameInodeNumber: f2, 2
DEBUG:root:Get: 8
DEBUG:root:FileName::InsertFilenameInodeNumber: block read 
2e000000000000000000000000000000663100000000000000000000000000010000000000000000000000000000000000000000000000000000000000000000000000000000000000000000000000000000000000000000000000000000000000000000000000000000000000000000000000000000000000000000000000000000000000000000000000000000000000000000000000000000000000000000000000000000000000000000000000000000000000000000000000000000000000000000000000000000000000000000000000000000000000000000000000000000000000000000000000000000000000000000000000000000000000000000
DEBUG:root:FileName::InsertFilenameInodeNumber: string_start 32, string_end 44
DEBUG:root:FileName::InsertFilenameInodeNumber: inode_start 44, inode_end 48
DEBUG:root:Put: block number 8 len 256
2e000000000000000000000000000000663100000000000000000000000000016632000000000000000000000000000200000000000000000000000000000000000000000000000000000000000000000000000000000000000000000000000000000000000000000000000000000000000000000000000000000000000000000000000000000000000000000000000000000000000000000000000000000000000000000000000000000000000000000000000000000000000000000000000000000000000000000000000000000000000000000000000000000000000000000000000000000000000000000000000000000000000000000000000000000000
DEBUG:root:FileName::InsertFilenameInodeNumber: insert_to.inode.size 32
DEBUG:root:InodeNumber::StoreInode: 0
DEBUG:root:InodeNumber::StoreInode: inode_table_raw_block_number 3
DEBUG:root:Get: 3
DEBUG:root:InodeNumber::StoreInode: inode_table_raw_block:
00000020000200020000000800000000000000000000000000000000000000000000000800010001000000090000000000000000000000000000000000000000000000000001000100000000000000000000000000000000000000000000000000000000000000000000000000000000000000000000000000000000000000000000000000000000000000000000000000000000000000000000000000000000000000000000000000000000000000000000000000000000000000000000000000000000000000000000000000000000000000000000000000000000000000000000000000000000000000000000000000000000000000000000000000000000
DEBUG:root:InodeNumber::StoreInode: start: 0, end: 32
DEBUG:root:InodeNumber::StoreInode: tempblock:
00000030000200020000000800000000000000000000000000000000000000000000000800010001000000090000000000000000000000000000000000000000000000000001000100000000000000000000000000000000000000000000000000000000000000000000000000000000000000000000000000000000000000000000000000000000000000000000000000000000000000000000000000000000000000000000000000000000000000000000000000000000000000000000000000000000000000000000000000000000000000000000000000000000000000000000000000000000000000000000000000000000000000000000000000000000
DEBUG:root:Put: block number 3 len 256
00000030000200020000000800000000000000000000000000000000000000000000000800010001000000090000000000000000000000000000000000000000000000000001000100000000000000000000000000000000000000000000000000000000000000000000000000000000000000000000000000000000000000000000000000000000000000000000000000000000000000000000000000000000000000000000000000000000000000000000000000000000000000000000000000000000000000000000000000000000000000000000000000000000000000000000000000000000000000000000000000000000000000000000000000000000
DEBUG:root:InodeNumber::StoreInode: 0
DEBUG:root:InodeNumber::StoreInode: inode_table_raw_block_number 3
DEBUG:root:Get: 3
DEBUG:root:InodeNumber::StoreInode: inode_table_raw_block:
00000030000200020000000800000000000000000000000000000000000000000000000800010001000000090000000000000000000000000000000000000000000000000001000100000000000000000000000000000000000000000000000000000000000000000000000000000000000000000000000000000000000000000000000000000000000000000000000000000000000000000000000000000000000000000000000000000000000000000000000000000000000000000000000000000000000000000000000000000000000000000000000000000000000000000000000000000000000000000000000000000000000000000000000000000000
DEBUG:root:InodeNumber::StoreInode: start: 0, end: 32
DEBUG:root:InodeNumber::StoreInode: tempblock:
00000030000200030000000800000000000000000000000000000000000000000000000800010001000000090000000000000000000000000000000000000000000000000001000100000000000000000000000000000000000000000000000000000000000000000000000000000000000000000000000000000000000000000000000000000000000000000000000000000000000000000000000000000000000000000000000000000000000000000000000000000000000000000000000000000000000000000000000000000000000000000000000000000000000000000000000000000000000000000000000000000000000000000000000000000000
DEBUG:root:Put: block number 3 len 256
00000030000200030000000800000000000000000000000000000000000000000000000800010001000000090000000000000000000000000000000000000000000000000001000100000000000000000000000000000000000000000000000000000000000000000000000000000000000000000000000000000000000000000000000000000000000000000000000000000000000000000000000000000000000000000000000000000000000000000000000000000000000000000000000000000000000000000000000000000000000000000000000000000000000000000000000000000000000000000000000000000000000000000000000000000000
DEBUG:root:Put: block number 255 len 256
00000000000000000000000000000000000000000000000000000000000000000000000000000000000000000000000000000000000000000000000000000000000000000000000000000000000000000000000000000000000000000000000000000000000000000000000000000000000000000000000000000000000000000000000000000000000000000000000000000000000000000000000000000000000000000000000000000000000000000000000000000000000000000000000000000000000000000000000000000000000000000000000000000000000000000000000000000000000000000000000000000000000000000000000000000000
DEBUG:root:Get: 254
DEBUG:root:AbsolutePathName::GeneralPathToInodeNumber: path: f2, cwd: 0
DEBUG:root:AbsolutePathName::PathToInodeNumber: path: f2, dir: 0
DEBUG:root:FileName::Lookup: f2, 0
DEBUG:root:InodeNumber::InodeNumberToInode: 0
DEBUG:root:Get: 3
DEBUG:root:InodeNumber::InodeNumberToInode: inode_number 0 raw_block_number: 3 slice start: 0 end: 32
DEBUG:root:inode_slice: 0000003000020003000000080000000000000000000000000000000000000000
DEBUG:root:InodeNumber::InodeNumberToBlock: 0
DEBUG:root:InodeNumber::InodeNumberToInode: 0
DEBUG:root:Get: 3
DEBUG:root:InodeNumber::InodeNumberToInode: inode_number 0 raw_block_number: 3 slice start: 0 end: 32
DEBUG:root:inode_slice: 0000003000020003000000080000000000000000000000000000000000000000
DEBUG:root:Get: 8
DEBUG:root:FileName::HelperGetFilenameString: 2e000000000000000000000000000000663100000000000000000000000000016632000000000000000000000000000200000000000000000000000000000000000000000000000000000000000000000000000000000000000000000000000000000000000000000000000000000000000000000000000000000000000000000000000000000000000000000000000000000000000000000000000000000000000000000000000000000000000000000000000000000000000000000000000000000000000000000000000000000000000000000000000000000000000000000000000000000000000000000000000000000000000000000000000000000000, 0
DEBUG:root:FileName::Lookup for f2 in 0: searching string bytearray(b'.\x00\x00\x00\x00\x00\x00\x00\x00\x00\x00\x00')
DEBUG:root:FileName::HelperGetFilenameString: 2e000000000000000000000000000000663100000000000000000000000000016632000000000000000000000000000200000000000000000000000000000000000000000000000000000000000000000000000000000000000000000000000000000000000000000000000000000000000000000000000000000000000000000000000000000000000000000000000000000000000000000000000000000000000000000000000000000000000000000000000000000000000000000000000000000000000000000000000000000000000000000000000000000000000000000000000000000000000000000000000000000000000000000000000000000000, 1
DEBUG:root:FileName::Lookup for f2 in 0: searching string bytearray(b'f1\x00\x00\x00\x00\x00\x00\x00\x00\x00\x00')
DEBUG:root:FileName::HelperGetFilenameString: 2e000000000000000000000000000000663100000000000000000000000000016632000000000000000000000000000200000000000000000000000000000000000000000000000000000000000000000000000000000000000000000000000000000000000000000000000000000000000000000000000000000000000000000000000000000000000000000000000000000000000000000000000000000000000000000000000000000000000000000000000000000000000000000000000000000000000000000000000000000000000000000000000000000000000000000000000000000000000000000000000000000000000000000000000000000000, 2
DEBUG:root:FileName::Lookup for f2 in 0: searching string bytearray(b'f2\x00\x00\x00\x00\x00\x00\x00\x00\x00\x00')
DEBUG:root:FileName::HelperGetFilenameInodeNumber: 2e000000000000000000000000000000663100000000000000000000000000016632000000000000000000000000000200000000000000000000000000000000000000000000000000000000000000000000000000000000000000000000000000000000000000000000000000000000000000000000000000000000000000000000000000000000000000000000000000000000000000000000000000000000000000000000000000000000000000000000000000000000000000000000000000000000000000000000000000000000000000000000000000000000000000000000000000000000000000000000000000000000000000000000000000000000, 2
DEBUG:root:FileName::Lookup successful: 2
DEBUG:root:InodeNumber::InodeNumberToInode: 2
DEBUG:root:Get: 3
DEBUG:root:InodeNumber::InodeNumberToInode: inode_number 2 raw_block_number: 3 slice start: 64 end: 96
DEBUG:root:inode_slice: 0000000000010001000000000000000000000000000000000000000000000000
DEBUG:root:FileOperations::Write: file_inode_number: 2, offset: 0, len(data): 8
DEBUG:root:InodeNumber::InodeNumberToInode: 2
DEBUG:root:Get: 3
DEBUG:root:InodeNumber::InodeNumberToInode: inode_number 2 raw_block_number: 3 slice start: 64 end: 96
DEBUG:root:inode_slice: 0000000000010001000000000000000000000000000000000000000000000000
DEBUG:root:FileOperations::Write: current_block_index: 0 , next_block_boundary: 256
DEBUG:root:FileOperations::Write: write_start: 0 , write_end: 8
DEBUG:root:FileName::AllocateDataBlock: 
DEBUG:root:Get: 2
DEBUG:root:Get: 2
DEBUG:root:Get: 2
DEBUG:root:Get: 2
DEBUG:root:Put: block number 2 len 256
00000000000000010101010000000000000000000000000000000000000000000000000000000000000000000000000000000000000000000000000000000000000000000000000000000000000000000000000000000000000000000000000000000000000000000000000000000000000000000000000000000000000000000000000000000000000000000000000000000000000000000000000000000000000000000000000000000000000000000000000000000000000000000000000000000000000000000000000000000000000000000000000000000000000000000000000000000000000000000000000000000000000000000000000000000000
DEBUG:root:FileName::AllocateDataBlock: allocated 10
DEBUG:root:Get: 10
DEBUG:root:Put: block number 10 len 256
626c6168626c61680000000000000000000000000000000000000000000000000000000000000000000000000000000000000000000000000000000000000000000000000000000000000000000000000000000000000000000000000000000000000000000000000000000000000000000000000000000000000000000000000000000000000000000000000000000000000000000000000000000000000000000000000000000000000000000000000000000000000000000000000000000000000000000000000000000000000000000000000000000000000000000000000000000000000000000000000000000000000000000000000000000000000000
DEBUG:root:FileOperations::Write: current_offset: 8 , bytes_written: 8 , len(data): 8
DEBUG:root:InodeNumber::StoreInode: 2
DEBUG:root:InodeNumber::StoreInode: inode_table_raw_block_number 3
DEBUG:root:Get: 3
DEBUG:root:InodeNumber::StoreInode: inode_table_raw_block:
00000030000200030000000800000000000000000000000000000000000000000000000800010001000000090000000000000000000000000000000000000000000000000001000100000000000000000000000000000000000000000000000000000000000000000000000000000000000000000000000000000000000000000000000000000000000000000000000000000000000000000000000000000000000000000000000000000000000000000000000000000000000000000000000000000000000000000000000000000000000000000000000000000000000000000000000000000000000000000000000000000000000000000000000000000000
DEBUG:root:InodeNumber::StoreInode: start: 64, end: 96
DEBUG:root:InodeNumber::StoreInode: tempblock:
0000003000020003000000080000000000000000000000000000000000000000000000080001000100000009000000000000000000000000000000000000000000000008000100010000000a000000000000000000000000000000000000000000000000000000000000000000000000000000000000000000000000000000000000000000000000000000000000000000000000000000000000000000000000000000000000000000000000000000000000000000000000000000000000000000000000000000000000000000000000000000000000000000000000000000000000000000000000000000000000000000000000000000000000000000000000
DEBUG:root:Put: block number 3 len 256
0000003000020003000000080000000000000000000000000000000000000000000000080001000100000009000000000000000000000000000000000000000000000008000100010000000a000000000000000000000000000000000000000000000000000000000000000000000000000000000000000000000000000000000000000000000000000000000000000000000000000000000000000000000000000000000000000000000000000000000000000000000000000000000000000000000000000000000000000000000000000000000000000000000000000000000000000000000000000000000000000000000000000000000000000000000000
DEBUG:root:Put: block number 255 len 256
00000000000000000000000000000000000000000000000000000000000000000000000000000000000000000000000000000000000000000000000000000000000000000000000000000000000000000000000000000000000000000000000000000000000000000000000000000000000000000000000000000000000000000000000000000000000000000000000000000000000000000000000000000000000000000000000000000000000000000000000000000000000000000000000000000000000000000000000000000000000000000000000000000000000000000000000000000000000000000000000000000000000000000000000000000000
DEBUG:root:Get: 254
DEBUG:root:Get: 8
DEBUG:root:Get: 8
DEBUG:root:Put: block number 255 len 256
00000000000000000000000000000000000000000000000000000000000000000000000000000000000000000000000000000000000000000000000000000000000000000000000000000000000000000000000000000000000000000000000000000000000000000000000000000000000000000000000000000000000000000000000000000000000000000000000000000000000000000000000000000000000000000000000000000000000000000000000000000000000000000000000000000000000000000000000000000000000000000000000000000000000000000000000000000000000000000000000000000000000000000000000000000000
DEBUG:root:Get: 254
DEBUG:root:Get: 10
DEBUG:root:Get: 10
DEBUG:root:Put: block number 255 len 256
00000000000000000000000000000000000000000000000000000000000000000000000000000000000000000000000000000000000000000000000000000000000000000000000000000000000000000000000000000000000000000000000000000000000000000000000000000000000000000000000000000000000000000000000000000000000000000000000000000000000000000000000000000000000000000000000000000000000000000000000000000000000000000000000000000000000000000000000000000000000000000000000000000000000000000000000000000000000000000000000000000000000000000000000000000000
DEBUG:root:Get: 254
DEBUG:root:Put: block number 254 len 256
00000000000000000000000000000000000000000000000000000000000000000000000000000000000000000000000000000000000000000000000000000000000000000000000000000000000000000000000000000000000000000000000000000000000000000000000000000000000000000000000000000000000000000000000000000000000000000000000000000000000000000000000000000000000000000000000000000000000000000000000000000000000000000000000000000000000000000000000000000000000000000000000000000000000000000000000000000000000000000000000000000000000000000000000000000000
DEBUG:root:InodeNumber::InodeNumberToInode: 0
DEBUG:root:Get: 3
DEBUG:root:InodeNumber::InodeNumberToInode: inode_number 0 raw_block_number: 3 slice start: 0 end: 32
DEBUG:root:inode_slice: 0000002000020002000000080000000000000000000000000000000000000000
DEBUG:root:Get: 8
DEBUG:root:InodeNumber::InodeNumberToInode: 0
DEBUG:root:Get: 3
DEBUG:root:InodeNumber::InodeNumberToInode: inode_number 0 raw_block_number: 3 slice start: 0 end: 32
DEBUG:root:inode_slice: 0000002000020002000000080000000000000000000000000000000000000000
DEBUG:root:InodeNumber::InodeNumberToInode: 1
DEBUG:root:Get: 3
DEBUG:root:InodeNumber::InodeNumberToInode: inode_number 1 raw_block_number: 3 slice start: 32 end: 64
DEBUG:root:inode_slice: 0000000800010001000000090000000000000000000000000000000000000000
DEBUG:root:Put: block number 255 len 256
00000000000000000000000000000000000000000000000000000000000000000000000000000000000000000000000000000000000000000000000000000000000000000000000000000000000000000000000000000000000000000000000000000000000000000000000000000000000000000000000000000000000000000000000000000000000000000000000000000000000000000000000000000000000000000000000000000000000000000000000000000000000000000000000000000000000000000000000000000000000000000000000000000000000000000000000000000000000000000000000000000000000000000000000000000000
